# JRE version: Java(TM) SE Runtime Environment (8.0_144-b01) (build 1.8.0_144-b01)
# Java VM: Java HotSpot(TM) 64-Bit Server VM (25.144-b01 mixed mode windows-amd64 compressed oops)
Heap:
 PSYoungGen      total 312320K, used 88744K [0x00000000e8000000, 0x0000000100000000, 0x0000000100000000)
  eden space 285184K, 23% used [0x00000000e8000000,0x00000000ec29aef8,0x00000000f9680000)
  from space 27136K, 75% used [0x00000000f9680000,0x00000000faa8f1f0,0x00000000fb100000)
  to   space 39936K, 0% used [0x00000000fd900000,0x00000000fd900000,0x0000000100000000)
 ParOldGen       total 90624K, used 49603K [0x00000000b8000000, 0x00000000bd880000, 0x00000000e8000000)
  object space 90624K, 54% used [0x00000000b8000000,0x00000000bb070da0,0x00000000bd880000)
 Metaspace       used 9401K, capacity 9592K, committed 9856K, reserved 1058816K
  class space    used 1052K, capacity 1147K, committed 1152K, reserved 1048576K
GC Heap History (10 events):
Event: 3.528 GC heap before
{Heap before GC invocations=6 (full 0):
 PSYoungGen      total 76800K, used 76800K [0x00000000e8000000, 0x00000000f2600000, 0x0000000100000000)
  eden space 73728K, 100% used [0x00000000e8000000,0x00000000ec800000,0x00000000ec800000)
  from space 3072K, 100% used [0x00000000ec800000,0x00000000ecb00000,0x00000000ecb00000)
  to   space 11264K, 0% used [0x00000000f1b00000,0x00000000f1b00000,0x00000000f2600000)
 ParOldGen       total 49152K, used 14240K [0x00000000b8000000, 0x00000000bb000000, 0x00000000e8000000)
  object space 49152K, 28% used [0x00000000b8000000,0x00000000b8de8228,0x00000000bb000000)
 Metaspace       used 8443K, capacity 8624K, committed 8832K, reserved 1056768K
  class space    used 971K, capacity 1044K, committed 1152K, reserved 1048576K
Event: 3.548 GC heap after
Heap after GC invocations=6 (full 0):
 PSYoungGen      total 156672K, used 10944K [0x00000000e8000000, 0x00000000f2a00000, 0x0000000100000000)
  eden space 145408K, 0% used [0x00000000e8000000,0x00000000e8000000,0x00000000f0e00000)
  from space 11264K, 97% used [0x00000000f1b00000,0x00000000f25b0010,0x00000000f2600000)
  to   space 13312K, 0% used [0x00000000f0e00000,0x00000000f0e00000,0x00000000f1b00000)
 ParOldGen       total 49152K, used 14240K [0x00000000b8000000, 0x00000000bb000000, 0x00000000e8000000)
  object space 49152K, 28% used [0x00000000b8000000,0x00000000b8de8228,0x00000000bb000000)
 Metaspace       used 8443K, capacity 8624K, committed 8832K, reserved 1056768K
  class space    used 971K, capacity 1044K, committed 1152K, reserved 1048576K
}
Event: 4.171 GC heap before
{Heap before GC invocations=7 (full 0):
 PSYoungGen      total 156672K, used 156352K [0x00000000e8000000, 0x00000000f2a00000, 0x0000000100000000)
  eden space 145408K, 100% used [0x00000000e8000000,0x00000000f0e00000,0x00000000f0e00000)
  from space 11264K, 97% used [0x00000000f1b00000,0x00000000f25b0010,0x00000000f2600000)
  to   space 13312K, 0% used [0x00000000f0e00000,0x00000000f0e00000,0x00000000f1b00000)
 ParOldGen       total 49152K, used 14240K [0x00000000b8000000, 0x00000000bb000000, 0x00000000e8000000)
  object space 49152K, 28% used [0x00000000b8000000,0x00000000b8de8228,0x00000000bb000000)
 Metaspace       used 8445K, capacity 8624K, committed 8832K, reserved 1056768K
  class space    used 971K, capacity 1044K, committed 1152K, reserved 1048576K
Event: 4.220 GC heap after
Heap after GC invocations=7 (full 0):
 PSYoungGen      total 158720K, used 13312K [0x00000000e8000000, 0x00000000fc600000, 0x0000000100000000)
  eden space 145408K, 0% used [0x00000000e8000000,0x00000000e8000000,0x00000000f0e00000)
  from space 13312K, 100% used [0x00000000f0e00000,0x00000000f1b00000,0x00000000f1b00000)
  to   space 21504K, 0% used [0x00000000fb100000,0x00000000fb100000,0x00000000fc600000)
 ParOldGen       total 49152K, used 25808K [0x00000000b8000000, 0x00000000bb000000, 0x00000000e8000000)
  object space 49152K, 52% used [0x00000000b8000000,0x00000000b9934248,0x00000000bb000000)
 Metaspace       used 8445K, capacity 8624K, committed 8832K, reserved 1056768K
  class space    used 971K, capacity 1044K, committed 1152K, reserved 1048576K
}
Event: 4.675 GC heap before
{Heap before GC invocations=8 (full 0):
 PSYoungGen      total 158720K, used 158720K [0x00000000e8000000, 0x00000000fc600000, 0x0000000100000000)
  eden space 145408K, 100% used [0x00000000e8000000,0x00000000f0e00000,0x00000000f0e00000)
  from space 13312K, 100% used [0x00000000f0e00000,0x00000000f1b00000,0x00000000f1b00000)
  to   space 21504K, 0% used [0x00000000fb100000,0x00000000fb100000,0x00000000fc600000)
 ParOldGen       total 49152K, used 25808K [0x00000000b8000000, 0x00000000bb000000, 0x00000000e8000000)
  object space 49152K, 52% used [0x00000000b8000000,0x00000000b9934248,0x00000000bb000000)
 Metaspace       used 8457K, capacity 8624K, committed 8832K, reserved 1056768K
  class space    used 971K, capacity 1044K, committed 1152K, reserved 1048576K
Event: 4.775 GC heap after
Heap after GC invocations=8 (full 0):
 PSYoungGen      total 306688K, used 21472K [0x00000000e8000000, 0x00000000fd100000, 0x0000000100000000)
  eden space 285184K, 0% used [0x00000000e8000000,0x00000000e8000000,0x00000000f9680000)
  from space 21504K, 99% used [0x00000000fb100000,0x00000000fc5f8010,0x00000000fc600000)
  to   space 27136K, 0% used [0x00000000f9680000,0x00000000f9680000,0x00000000fb100000)
 ParOldGen       total 49152K, used 29968K [0x00000000b8000000, 0x00000000bb000000, 0x00000000e8000000)
  object space 49152K, 60% used [0x00000000b8000000,0x00000000b9d44248,0x00000000bb000000)
 Metaspace       used 8457K, capacity 8624K, committed 8832K, reserved 1056768K
  class space    used 971K, capacity 1044K, committed 1152K, reserved 1048576K
}
Event: 9.541 GC heap before
{Heap before GC invocations=9 (full 0):
 PSYoungGen      total 306688K, used 306656K [0x00000000e8000000, 0x00000000fd100000, 0x0000000100000000)
  eden space 285184K, 100% used [0x00000000e8000000,0x00000000f9680000,0x00000000f9680000)
  from space 21504K, 99% used [0x00000000fb100000,0x00000000fc5f8010,0x00000000fc600000)
  to   space 27136K, 0% used [0x00000000f9680000,0x00000000f9680000,0x00000000fb100000)
 ParOldGen       total 49152K, used 29968K [0x00000000b8000000, 0x00000000bb000000, 0x00000000e8000000)
  object space 49152K, 60% used [0x00000000b8000000,0x00000000b9d44248,0x00000000bb000000)
 Metaspace       used 9370K, capacity 9572K, committed 9600K, reserved 1058816K
  class space    used 1049K, capacity 1144K, committed 1152K, reserved 1048576K
Event: 9.618 GC heap after
Heap after GC invocations=9 (full 0):
 PSYoungGen      total 312320K, used 27104K [0x00000000e8000000, 0x0000000100000000, 0x0000000100000000)
  eden space 285184K, 0% used [0x00000000e8000000,0x00000000e8000000,0x00000000f9680000)
  from space 27136K, 99% used [0x00000000f9680000,0x00000000fb0f8010,0x00000000fb100000)
  to   space 39936K, 0% used [0x00000000fd900000,0x00000000fd900000,0x0000000100000000)
 ParOldGen       total 49664K, used 49483K [0x00000000b8000000, 0x00000000bb080000, 0x00000000e8000000)
  object space 49664K, 99% used [0x00000000b8000000,0x00000000bb052e30,0x00000000bb080000)
 Metaspace       used 9370K, capacity 9572K, committed 9600K, reserved 1058816K
  class space    used 1049K, capacity 1144K, committed 1152K, reserved 1048576K
}
Event: 9.618 GC heap before
{Heap before GC invocations=10 (full 1):
 PSYoungGen      total 312320K, used 27104K [0x00000000e8000000, 0x0000000100000000, 0x0000000100000000)
  eden space 285184K, 0% used [0x00000000e8000000,0x00000000e8000000,0x00000000f9680000)
  from space 27136K, 99% used [0x00000000f9680000,0x00000000fb0f8010,0x00000000fb100000)
  to   space 39936K, 0% used [0x00000000fd900000,0x00000000fd900000,0x0000000100000000)
 ParOldGen       total 49664K, used 49483K [0x00000000b8000000, 0x00000000bb080000, 0x00000000e8000000)
  object space 49664K, 99% used [0x00000000b8000000,0x00000000bb052e30,0x00000000bb080000)
 Metaspace       used 9370K, capacity 9572K, committed 9600K, reserved 1058816K
  class space    used 1049K, capacity 1144K, committed 1152K, reserved 1048576K
Event: 9.971 GC heap after
Heap after GC invocations=10 (full 1):
 PSYoungGen      total 312320K, used 20540K [0x00000000e8000000, 0x0000000100000000, 0x0000000100000000)
  eden space 285184K, 0% used [0x00000000e8000000,0x00000000e8000000,0x00000000f9680000)
  from space 27136K, 75% used [0x00000000f9680000,0x00000000faa8f1f0,0x00000000fb100000)
  to   space 39936K, 0% used [0x00000000fd900000,0x00000000fd900000,0x0000000100000000)
 ParOldGen       total 90624K, used 49603K [0x00000000b8000000, 0x00000000bd880000, 0x00000000e8000000)
  object space 90624K, 54% used [0x00000000b8000000,0x00000000bb070da0,0x00000000bd880000)
 Metaspace       used 9370K, capacity 9572K, committed 9600K, reserved 1058816K
  class space    used 1049K, capacity 1144K, committed 1152K, reserved 1048576K
}

