# JRE version: Java(TM) SE Runtime Environment (8.0_144-b01) (build 1.8.0_144-b01)
# Java VM: Java HotSpot(TM) 64-Bit Server VM (25.144-b01 mixed mode windows-amd64 compressed oops)
Heap:
 PSYoungGen      total 352256K, used 234795K [0x00000000e8000000, 0x0000000100000000, 0x0000000100000000)
  eden space 325120K, 66% used [0x00000000e8000000,0x00000000f5332c38,0x00000000fbd80000)
  from space 27136K, 68% used [0x00000000fbd80000,0x00000000fcf98010,0x00000000fd800000)
  to   space 28160K, 0% used [0x00000000fe480000,0x00000000fe480000,0x0000000100000000)
 ParOldGen       total 109568K, used 65458K [0x00000000b8000000, 0x00000000beb00000, 0x00000000e8000000)
  object space 109568K, 59% used [0x00000000b8000000,0x00000000bbfeca58,0x00000000beb00000)
 Metaspace       used 11029K, capacity 11276K, committed 11520K, reserved 1058816K
  class space    used 1196K, capacity 1280K, committed 1280K, reserved 1048576K
GC Heap History (10 events):
Event: 9.458 GC heap before
{Heap before GC invocations=12 (full 1):
 PSYoungGen      total 251392K, used 19655K [0x00000000e8000000, 0x0000000100000000, 0x0000000100000000)
  eden space 225280K, 0% used [0x00000000e8000000,0x00000000e8000000,0x00000000f5c00000)
  from space 26112K, 75% used [0x00000000f5c00000,0x00000000f6f31cc0,0x00000000f7580000)
  to   space 27648K, 0% used [0x00000000fe500000,0x00000000fe500000,0x0000000100000000)
 ParOldGen       total 56320K, used 55986K [0x00000000b8000000, 0x00000000bb700000, 0x00000000e8000000)
  object space 56320K, 99% used [0x00000000b8000000,0x00000000bb6ac8f0,0x00000000bb700000)
 Metaspace       used 9342K, capacity 9566K, committed 9600K, reserved 1058816K
  class space    used 1049K, capacity 1143K, committed 1152K, reserved 1048576K
Event: 9.746 GC heap after
Heap after GC invocations=12 (full 1):
 PSYoungGen      total 251392K, used 12460K [0x00000000e8000000, 0x0000000100000000, 0x0000000100000000)
  eden space 225280K, 0% used [0x00000000e8000000,0x00000000e8000000,0x00000000f5c00000)
  from space 26112K, 47% used [0x00000000f5c00000,0x00000000f682b298,0x00000000f7580000)
  to   space 27648K, 0% used [0x00000000fe500000,0x00000000fe500000,0x0000000100000000)
 ParOldGen       total 56320K, used 56147K [0x00000000b8000000, 0x00000000bb700000, 0x00000000e8000000)
  object space 56320K, 99% used [0x00000000b8000000,0x00000000bb6d4e60,0x00000000bb700000)
 Metaspace       used 9342K, capacity 9566K, committed 9600K, reserved 1058816K
  class space    used 1049K, capacity 1143K, committed 1152K, reserved 1048576K
}
Event: 12.284 GC heap before
{Heap before GC invocations=13 (full 2):
 PSYoungGen      total 251392K, used 237740K [0x00000000e8000000, 0x0000000100000000, 0x0000000100000000)
  eden space 225280K, 100% used [0x00000000e8000000,0x00000000f5c00000,0x00000000f5c00000)
  from space 26112K, 47% used [0x00000000f5c00000,0x00000000f682b298,0x00000000f7580000)
  to   space 27648K, 0% used [0x00000000fe500000,0x00000000fe500000,0x0000000100000000)
 ParOldGen       total 56320K, used 56147K [0x00000000b8000000, 0x00000000bb700000, 0x00000000e8000000)
  object space 56320K, 99% used [0x00000000b8000000,0x00000000bb6d4e60,0x00000000bb700000)
 Metaspace       used 10746K, capacity 10924K, committed 11008K, reserved 1058816K
  class space    used 1167K, capacity 1248K, committed 1280K, reserved 1048576K
Event: 12.692 GC heap after
Heap after GC invocations=13 (full 2):
 PSYoungGen      total 251392K, used 34339K [0x00000000e8000000, 0x0000000100000000, 0x0000000100000000)
  eden space 225280K, 15% used [0x00000000e8000000,0x00000000ea188e18,0x00000000f5c00000)
  from space 26112K, 0% used [0x00000000f5c00000,0x00000000f5c00000,0x00000000f7580000)
  to   space 27648K, 0% used [0x00000000fe500000,0x00000000fe500000,0x0000000100000000)
 ParOldGen       total 56320K, used 56317K [0x00000000b8000000, 0x00000000bb700000, 0x00000000e8000000)
  object space 56320K, 99% used [0x00000000b8000000,0x00000000bb6ff578,0x00000000bb700000)
 Metaspace       used 10746K, capacity 10924K, committed 11008K, reserved 1058816K
  class space    used 1167K, capacity 1248K, committed 1280K, reserved 1048576K
}
Event: 14.182 GC heap before
{Heap before GC invocations=14 (full 3):
 PSYoungGen      total 251392K, used 225280K [0x00000000e8000000, 0x0000000100000000, 0x0000000100000000)
  eden space 225280K, 100% used [0x00000000e8000000,0x00000000f5c00000,0x00000000f5c00000)
  from space 26112K, 0% used [0x00000000f5c00000,0x00000000f5c00000,0x00000000f7580000)
  to   space 27648K, 0% used [0x00000000fe500000,0x00000000fe500000,0x0000000100000000)
 ParOldGen       total 56320K, used 56317K [0x00000000b8000000, 0x00000000bb700000, 0x00000000e8000000)
  object space 56320K, 99% used [0x00000000b8000000,0x00000000bb6ff578,0x00000000bb700000)
 Metaspace       used 10906K, capacity 11052K, committed 11264K, reserved 1058816K
  class space    used 1170K, capacity 1248K, committed 1280K, reserved 1048576K
Event: 14.473 GC heap after
Heap after GC invocations=14 (full 3):
 PSYoungGen      total 251392K, used 41351K [0x00000000e8000000, 0x0000000100000000, 0x0000000100000000)
  eden space 225280K, 18% used [0x00000000e8000000,0x00000000ea861eb8,0x00000000f5c00000)
  from space 26112K, 0% used [0x00000000f5c00000,0x00000000f5c00000,0x00000000f7580000)
  to   space 27648K, 0% used [0x00000000fe500000,0x00000000fe500000,0x0000000100000000)
 ParOldGen       total 109568K, used 56126K [0x00000000b8000000, 0x00000000beb00000, 0x00000000e8000000)
  object space 109568K, 51% used [0x00000000b8000000,0x00000000bb6cfa38,0x00000000beb00000)
 Metaspace       used 10906K, capacity 11052K, committed 11264K, reserved 1058816K
  class space    used 1170K, capacity 1248K, committed 1280K, reserved 1048576K
}
Event: 15.568 GC heap before
{Heap before GC invocations=15 (full 3):
 PSYoungGen      total 251392K, used 225280K [0x00000000e8000000, 0x0000000100000000, 0x0000000100000000)
  eden space 225280K, 100% used [0x00000000e8000000,0x00000000f5c00000,0x00000000f5c00000)
  from space 26112K, 0% used [0x00000000f5c00000,0x00000000f5c00000,0x00000000f7580000)
  to   space 27648K, 0% used [0x00000000fe500000,0x00000000fe500000,0x0000000100000000)
 ParOldGen       total 109568K, used 56126K [0x00000000b8000000, 0x00000000beb00000, 0x00000000e8000000)
  object space 109568K, 51% used [0x00000000b8000000,0x00000000bb6cfa38,0x00000000beb00000)
 Metaspace       used 10951K, capacity 11212K, committed 11264K, reserved 1058816K
  class space    used 1182K, capacity 1280K, committed 1280K, reserved 1048576K
Event: 15.614 GC heap after
Heap after GC invocations=15 (full 3):
 PSYoungGen      total 309760K, used 13728K [0x00000000e8000000, 0x00000000ff280000, 0x0000000100000000)
  eden space 295936K, 0% used [0x00000000e8000000,0x00000000e8000000,0x00000000fa100000)
  from space 13824K, 99% used [0x00000000fe500000,0x00000000ff268010,0x00000000ff280000)
  to   space 27136K, 0% used [0x00000000fbd80000,0x00000000fbd80000,0x00000000fd800000)
 ParOldGen       total 109568K, used 56134K [0x00000000b8000000, 0x00000000beb00000, 0x00000000e8000000)
  object space 109568K, 51% used [0x00000000b8000000,0x00000000bb6d1a38,0x00000000beb00000)
 Metaspace       used 10951K, capacity 11212K, committed 11264K, reserved 1058816K
  class space    used 1182K, capacity 1280K, committed 1280K, reserved 1048576K
}
Event: 17.363 GC heap before
{Heap before GC invocations=16 (full 3):
 PSYoungGen      total 309760K, used 309664K [0x00000000e8000000, 0x00000000ff280000, 0x0000000100000000)
  eden space 295936K, 100% used [0x00000000e8000000,0x00000000fa100000,0x00000000fa100000)
  from space 13824K, 99% used [0x00000000fe500000,0x00000000ff268010,0x00000000ff280000)
  to   space 27136K, 0% used [0x00000000fbd80000,0x00000000fbd80000,0x00000000fd800000)
 ParOldGen       total 109568K, used 56134K [0x00000000b8000000, 0x00000000beb00000, 0x00000000e8000000)
  object space 109568K, 51% used [0x00000000b8000000,0x00000000bb6d1a38,0x00000000beb00000)
 Metaspace       used 11010K, capacity 11276K, committed 11520K, reserved 1058816K
  class space    used 1191K, capacity 1280K, committed 1280K, reserved 1048576K
Event: 17.443 GC heap after
Heap after GC invocations=16 (full 3):
 PSYoungGen      total 352256K, used 18528K [0x00000000e8000000, 0x0000000100000000, 0x0000000100000000)
  eden space 325120K, 0% used [0x00000000e8000000,0x00000000e8000000,0x00000000fbd80000)
  from space 27136K, 68% used [0x00000000fbd80000,0x00000000fcf98010,0x00000000fd800000)
  to   space 28160K, 0% used [0x00000000fe480000,0x00000000fe480000,0x0000000100000000)
 ParOldGen       total 109568K, used 65458K [0x00000000b8000000, 0x00000000beb00000, 0x00000000e8000000)
  object space 109568K, 59% used [0x00000000b8000000,0x00000000bbfeca58,0x00000000beb00000)
 Metaspace       used 11010K, capacity 11276K, committed 11520K, reserved 1058816K
  class space    used 1191K, capacity 1280K, committed 1280K, reserved 1048576K
}

